<?xml version="1.0" encoding="UTF-8"?>
<testsuites>
  <testsuite name="Bldr.io Suite" tests="2" assertions="2" failures="0" errors="1" time="0.010997">
    <testsuite name="Bldr\Test\ApplicationTest" file="/Users/ascherer/Projects/bldr/tests/ApplicationTest.php" tests="2" assertions="2" failures="0" errors="1" time="0.010997">
      <testcase name="testConstructor" class="Bldr\Test\ApplicationTest" file="/Users/ascherer/Projects/bldr/tests/ApplicationTest.php" line="31" assertions="2" time="0.010560"/>
      <testcase name="testSetBuildName" class="Bldr\Test\ApplicationTest" file="/Users/ascherer/Projects/bldr/tests/ApplicationTest.php" line="51" assertions="0" time="0.000437">
        <error type="PHPUnit_Framework_Error">Bldr\Test\ApplicationTest::testSetBuildName
Argument 1 passed to Bldr\Application::setConfig() must be an instance of Bldr\Config, instance of Symfony\Component\DependencyInjection\ParameterBag\ParameterBag given, called in /Users/ascherer/Projects/bldr/tests/ApplicationTest.php on line 55 and defined

/Users/ascherer/Projects/bldr/src/Application.php:120
/Users/ascherer/Projects/bldr/tests/ApplicationTest.php:55
</error>
      </testcase>
    </testsuite>
  </testsuite>
</testsuites>
