<?xml version="1.0" encoding="UTF-8"?>
<testsuites>
  <testsuite name="Bldr.io Suite" tests="24" assertions="41" failures="0" errors="0" time="0.111940">
    <testsuite name="Bldr\Test\ApplicationTest" file="/Users/ascherer/Projects/bldr/tests/ApplicationTest.php" tests="9" assertions="12" failures="0" errors="0" time="0.058424">
      <testcase name="testConstructor" class="Bldr\Test\ApplicationTest" file="/Users/ascherer/Projects/bldr/tests/ApplicationTest.php" line="31" assertions="2" time="0.009157"/>
      <testcase name="testSetBuildName" class="Bldr\Test\ApplicationTest" file="/Users/ascherer/Projects/bldr/tests/ApplicationTest.php" line="51" assertions="2" time="0.003526"/>
      <testcase name="testGetDispatcher" class="Bldr\Test\ApplicationTest" file="/Users/ascherer/Projects/bldr/tests/ApplicationTest.php" line="79" assertions="1" time="0.000140"/>
      <testcase name="testSetConfig" class="Bldr\Test\ApplicationTest" file="/Users/ascherer/Projects/bldr/tests/ApplicationTest.php" line="97" assertions="0" time="0.000526"/>
      <testcase name="testGetConfig" class="Bldr\Test\ApplicationTest" file="/Users/ascherer/Projects/bldr/tests/ApplicationTest.php" line="108" assertions="1" time="0.000232"/>
      <testcase name="testGetCommands" class="Bldr\Test\ApplicationTest" file="/Users/ascherer/Projects/bldr/tests/ApplicationTest.php" line="120" assertions="3" time="0.000832"/>
      <testcase name="testGetDefaultHelperSet" class="Bldr\Test\ApplicationTest" file="/Users/ascherer/Projects/bldr/tests/ApplicationTest.php" line="136" assertions="1" time="0.000593"/>
      <testcase name="testDoRunCommand" class="Bldr\Test\ApplicationTest" file="/Users/ascherer/Projects/bldr/tests/ApplicationTest.php" line="155" assertions="1" time="0.037250"/>
      <testcase name="testGetBuildContainer" class="Bldr\Test\ApplicationTest" file="/Users/ascherer/Projects/bldr/tests/ApplicationTest.php" line="185" assertions="1" time="0.006168"/>
    </testsuite>
    <testsuite name="Bldr\Test\Call\AbstractCallTest" file="/Users/ascherer/Projects/bldr/tests/Call/AbstractCallTest.php" tests="2" assertions="9" failures="0" errors="0" time="0.006299">
      <testcase name="testInitialize" class="Bldr\Test\Call\AbstractCallTest" file="/Users/ascherer/Projects/bldr/tests/Call/AbstractCallTest.php" line="27" assertions="6" time="0.005465"/>
      <testcase name="testSetTask" class="Bldr\Test\Call\AbstractCallTest" file="/Users/ascherer/Projects/bldr/tests/Call/AbstractCallTest.php" line="69" assertions="3" time="0.000834"/>
    </testsuite>
    <testsuite name="Bldr\Test\Command\BuildCommandTest" file="/Users/ascherer/Projects/bldr/tests/Command/BuildCommandTest.php" tests="3" assertions="2" failures="0" errors="0" time="0.026473">
      <testcase name="testExecute" class="Bldr\Test\Command\BuildCommandTest" file="/Users/ascherer/Projects/bldr/tests/Command/BuildCommandTest.php" line="25" assertions="0" time="0.020920"/>
      <testcase name="testExecuteMultipleServices" class="Bldr\Test\Command\BuildCommandTest" file="/Users/ascherer/Projects/bldr/tests/Command/BuildCommandTest.php" line="74" assertions="1" time="0.003798"/>
      <testcase name="testExecuteNoServices" class="Bldr\Test\Command\BuildCommandTest" file="/Users/ascherer/Projects/bldr/tests/Command/BuildCommandTest.php" line="123" assertions="1" time="0.001755"/>
    </testsuite>
    <testsuite name="Bldr\Test\Command\InitCommandTest" file="/Users/ascherer/Projects/bldr/tests/Command/InitCommandTest.php" tests="1" assertions="0" failures="0" errors="0" time="0.015827">
      <testcase name="testExecute" class="Bldr\Test\Command\InitCommandTest" file="/Users/ascherer/Projects/bldr/tests/Command/InitCommandTest.php" line="32" assertions="0" time="0.015827"/>
    </testsuite>
    <testsuite name="Bldr\Test\ConfigTest" file="/Users/ascherer/Projects/bldr/tests/ConfigTest.php" tests="4" assertions="7" failures="0" errors="0" time="0.004114">
      <testcase name="testCreate" class="Bldr\Test\ConfigTest" file="/Users/ascherer/Projects/bldr/tests/ConfigTest.php" line="24" assertions="4" time="0.003629"/>
      <testcase name="testIsTypeAllowedException" class="Bldr\Test\ConfigTest" file="/Users/ascherer/Projects/bldr/tests/ConfigTest.php" line="44" assertions="1" time="0.000133"/>
      <testcase name="testCheckForFileException" class="Bldr\Test\ConfigTest" file="/Users/ascherer/Projects/bldr/tests/ConfigTest.php" line="52" assertions="1" time="0.000195"/>
      <testcase name="testGetFileException" class="Bldr\Test\ConfigTest" file="/Users/ascherer/Projects/bldr/tests/ConfigTest.php" line="60" assertions="1" time="0.000157"/>
    </testsuite>
    <testsuite name="Bldr\Test\Helper\DialogHelperTest" file="/Users/ascherer/Projects/bldr/tests/Helper/DialogHelperTest.php" tests="1" assertions="4" failures="0" errors="0" time="0.000132">
      <testcase name="testGetQuestion" class="Bldr\Test\Helper\DialogHelperTest" file="/Users/ascherer/Projects/bldr/tests/Helper/DialogHelperTest.php" line="22" assertions="4" time="0.000132"/>
    </testsuite>
    <testsuite name="Bldr\Test\Model\CallTest" file="/Users/ascherer/Projects/bldr/tests/Model/CallTest.php" tests="3" assertions="3" failures="0" errors="0" time="0.000398">
      <testcase name="testMagicSet" class="Bldr\Test\Model\CallTest" file="/Users/ascherer/Projects/bldr/tests/Model/CallTest.php" line="25" assertions="0" time="0.000075"/>
      <testcase name="testMagicGet" class="Bldr\Test\Model\CallTest" file="/Users/ascherer/Projects/bldr/tests/Model/CallTest.php" line="38" assertions="1" time="0.000072"/>
      <testcase name="testHas" class="Bldr\Test\Model\CallTest" file="/Users/ascherer/Projects/bldr/tests/Model/CallTest.php" line="48" assertions="2" time="0.000251"/>
    </testsuite>
    <testsuite name="Bldr\Test\Model\TaskTest" file="/Users/ascherer/Projects/bldr/tests/Model/TaskTest.php" tests="1" assertions="4" failures="0" errors="0" time="0.000273">
      <testcase name="testConstructor" class="Bldr\Test\Model\TaskTest" file="/Users/ascherer/Projects/bldr/tests/Model/TaskTest.php" line="22" assertions="4" time="0.000273"/>
    </testsuite>
  </testsuite>
</testsuites>
