<?xml version="1.0" encoding="UTF-8"?>
<testsuites>
  <testsuite name="Bldr.io Suite" tests="16" assertions="25" failures="0" errors="0" time="0.068424">
    <testsuite name="Bldr\Test\ApplicationTest" file="/Users/ascherer/Projects/bldr/tests/ApplicationTest.php" tests="11" assertions="12" failures="0" errors="0" time="0.040753">
      <testcase name="testConstructor" class="Bldr\Test\ApplicationTest" file="/Users/ascherer/Projects/bldr/tests/ApplicationTest.php" line="31" assertions="2" time="0.008566"/>
      <testcase name="testSetBuildName" class="Bldr\Test\ApplicationTest" file="/Users/ascherer/Projects/bldr/tests/ApplicationTest.php" line="51" assertions="1" time="0.002925"/>
      <testcase name="testGetDispatcher" class="Bldr\Test\ApplicationTest" file="/Users/ascherer/Projects/bldr/tests/ApplicationTest.php" line="79" assertions="1" time="0.000094"/>
      <testcase name="testReadConfigException" class="Bldr\Test\ApplicationTest" file="/Users/ascherer/Projects/bldr/tests/ApplicationTest.php" line="90" assertions="1" time="0.000636"/>
      <testcase name="testReadConfig" class="Bldr\Test\ApplicationTest" file="/Users/ascherer/Projects/bldr/tests/ApplicationTest.php" line="113" assertions="0" time="0.004281"/>
      <testcase name="testSetConfig" class="Bldr\Test\ApplicationTest" file="/Users/ascherer/Projects/bldr/tests/ApplicationTest.php" line="140" assertions="0" time="0.000560"/>
      <testcase name="testGetConfig" class="Bldr\Test\ApplicationTest" file="/Users/ascherer/Projects/bldr/tests/ApplicationTest.php" line="151" assertions="1" time="0.000193"/>
      <testcase name="testGetCommands" class="Bldr\Test\ApplicationTest" file="/Users/ascherer/Projects/bldr/tests/ApplicationTest.php" line="163" assertions="3" time="0.000632"/>
      <testcase name="testGetDefaultHelperSet" class="Bldr\Test\ApplicationTest" file="/Users/ascherer/Projects/bldr/tests/ApplicationTest.php" line="179" assertions="1" time="0.000312"/>
      <testcase name="testDoRunCommand" class="Bldr\Test\ApplicationTest" file="/Users/ascherer/Projects/bldr/tests/ApplicationTest.php" line="198" assertions="1" time="0.020057"/>
      <testcase name="testGetBuildContainer" class="Bldr\Test\ApplicationTest" file="/Users/ascherer/Projects/bldr/tests/ApplicationTest.php" line="228" assertions="1" time="0.002497"/>
    </testsuite>
    <testsuite name="Bldr\Test\Call\AbstractCallTest" file="/Users/ascherer/Projects/bldr/tests/Call/AbstractCallTest.php" tests="2" assertions="9" failures="0" errors="0" time="0.004025">
      <testcase name="testInitialize" class="Bldr\Test\Call\AbstractCallTest" file="/Users/ascherer/Projects/bldr/tests/Call/AbstractCallTest.php" line="27" assertions="6" time="0.003408"/>
      <testcase name="testSetTask" class="Bldr\Test\Call\AbstractCallTest" file="/Users/ascherer/Projects/bldr/tests/Call/AbstractCallTest.php" line="69" assertions="3" time="0.000617"/>
    </testsuite>
    <testsuite name="Bldr\Test\Command\BuildCommandTest" file="/Users/ascherer/Projects/bldr/tests/Command/BuildCommandTest.php" tests="1" assertions="0" failures="0" errors="0" time="0.011454">
      <testcase name="testExecute" class="Bldr\Test\Command\BuildCommandTest" file="/Users/ascherer/Projects/bldr/tests/Command/BuildCommandTest.php" line="25" assertions="0" time="0.011454"/>
    </testsuite>
    <testsuite name="Bldr\Test\Command\InitCommandTest" file="/Users/ascherer/Projects/bldr/tests/Command/InitCommandTest.php" tests="1" assertions="0" failures="0" errors="0" time="0.012028">
      <testcase name="testExecute" class="Bldr\Test\Command\InitCommandTest" file="/Users/ascherer/Projects/bldr/tests/Command/InitCommandTest.php" line="31" assertions="0" time="0.012028"/>
    </testsuite>
    <testsuite name="Bldr\Test\Helper\DialogHelperTest" file="/Users/ascherer/Projects/bldr/tests/Helper/DialogHelperTest.php" tests="1" assertions="4" failures="0" errors="0" time="0.000164">
      <testcase name="testGetQuestion" class="Bldr\Test\Helper\DialogHelperTest" file="/Users/ascherer/Projects/bldr/tests/Helper/DialogHelperTest.php" line="22" assertions="4" time="0.000164"/>
    </testsuite>
  </testsuite>
</testsuites>
