<?xml version="1.0" encoding="UTF-8"?>
<testsuites>
  <testsuite name="Bldr.io Suite" tests="2" assertions="4" failures="1" errors="0" time="0.013146">
    <testsuite name="Bldr\Test\ApplicationTest" file="/Users/ascherer/Projects/bldr/tests/ApplicationTest.php" tests="2" assertions="4" failures="1" errors="0" time="0.013146">
      <testcase name="testConstructor" class="Bldr\Test\ApplicationTest" file="/Users/ascherer/Projects/bldr/tests/ApplicationTest.php" line="31" assertions="2" time="0.010071"/>
      <testcase name="testSetBuildName" class="Bldr\Test\ApplicationTest" file="/Users/ascherer/Projects/bldr/tests/ApplicationTest.php" line="51" assertions="2" time="0.003075">
        <failure type="PHPUnit_Framework_ExpectationFailedException">Bldr\Test\ApplicationTest::testSetBuildName
Failed asserting that two strings are equal.
--- Expected
+++ Actual
@@ @@
-'local_test-app_2014-03-24_10-12-52'
+'local_test-app_2014-03-24_22-12-52'

/Users/ascherer/Projects/bldr/tests/ApplicationTest.php:66
</failure>
      </testcase>
    </testsuite>
  </testsuite>
</testsuites>
