<?xml version="1.0" encoding="UTF-8"?>
<testsuites>
  <testsuite name="Bldr.io Suite" tests="16" assertions="25" failures="0" errors="0" time="0.506720">
    <testsuite name="Bldr\Test\ApplicationTest" file="/home/travis/build/bldr-io/bldr/tests/ApplicationTest.php" tests="11" assertions="12" failures="0" errors="0" time="0.328178">
      <testcase name="testConstructor" class="Bldr\Test\ApplicationTest" file="/home/travis/build/bldr-io/bldr/tests/ApplicationTest.php" line="31" assertions="2" time="0.033079"/>
      <testcase name="testSetBuildName" class="Bldr\Test\ApplicationTest" file="/home/travis/build/bldr-io/bldr/tests/ApplicationTest.php" line="51" assertions="1" time="0.040893"/>
      <testcase name="testGetDispatcher" class="Bldr\Test\ApplicationTest" file="/home/travis/build/bldr-io/bldr/tests/ApplicationTest.php" line="79" assertions="1" time="0.000275"/>
      <testcase name="testReadConfigException" class="Bldr\Test\ApplicationTest" file="/home/travis/build/bldr-io/bldr/tests/ApplicationTest.php" line="90" assertions="1" time="0.004356"/>
      <testcase name="testReadConfig" class="Bldr\Test\ApplicationTest" file="/home/travis/build/bldr-io/bldr/tests/ApplicationTest.php" line="113" assertions="0" time="0.011151"/>
      <testcase name="testSetConfig" class="Bldr\Test\ApplicationTest" file="/home/travis/build/bldr-io/bldr/tests/ApplicationTest.php" line="140" assertions="0" time="0.001420"/>
      <testcase name="testGetConfig" class="Bldr\Test\ApplicationTest" file="/home/travis/build/bldr-io/bldr/tests/ApplicationTest.php" line="151" assertions="1" time="0.000462"/>
      <testcase name="testGetCommands" class="Bldr\Test\ApplicationTest" file="/home/travis/build/bldr-io/bldr/tests/ApplicationTest.php" line="163" assertions="3" time="0.007717"/>
      <testcase name="testGetDefaultHelperSet" class="Bldr\Test\ApplicationTest" file="/home/travis/build/bldr-io/bldr/tests/ApplicationTest.php" line="179" assertions="1" time="0.001561"/>
      <testcase name="testDoRunCommand" class="Bldr\Test\ApplicationTest" file="/home/travis/build/bldr-io/bldr/tests/ApplicationTest.php" line="198" assertions="1" time="0.215727"/>
      <testcase name="testGetBuildContainer" class="Bldr\Test\ApplicationTest" file="/home/travis/build/bldr-io/bldr/tests/ApplicationTest.php" line="228" assertions="1" time="0.011537"/>
    </testsuite>
    <testsuite name="Bldr\Test\Call\AbstractCallTest" file="/home/travis/build/bldr-io/bldr/tests/Call/AbstractCallTest.php" tests="2" assertions="9" failures="0" errors="0" time="0.049094">
      <testcase name="testInitialize" class="Bldr\Test\Call\AbstractCallTest" file="/home/travis/build/bldr-io/bldr/tests/Call/AbstractCallTest.php" line="27" assertions="6" time="0.043501"/>
      <testcase name="testSetTask" class="Bldr\Test\Call\AbstractCallTest" file="/home/travis/build/bldr-io/bldr/tests/Call/AbstractCallTest.php" line="69" assertions="3" time="0.005593"/>
    </testsuite>
    <testsuite name="Bldr\Test\Command\BuildCommandTest" file="/home/travis/build/bldr-io/bldr/tests/Command/BuildCommandTest.php" tests="1" assertions="0" failures="0" errors="0" time="0.074664">
      <testcase name="testExecute" class="Bldr\Test\Command\BuildCommandTest" file="/home/travis/build/bldr-io/bldr/tests/Command/BuildCommandTest.php" line="25" assertions="0" time="0.074664"/>
    </testsuite>
    <testsuite name="Bldr\Test\Command\InitCommandTest" file="/home/travis/build/bldr-io/bldr/tests/Command/InitCommandTest.php" tests="1" assertions="0" failures="0" errors="0" time="0.054268">
      <testcase name="testExecute" class="Bldr\Test\Command\InitCommandTest" file="/home/travis/build/bldr-io/bldr/tests/Command/InitCommandTest.php" line="31" assertions="0" time="0.054268"/>
    </testsuite>
    <testsuite name="Bldr\Test\Helper\DialogHelperTest" file="/home/travis/build/bldr-io/bldr/tests/Helper/DialogHelperTest.php" tests="1" assertions="4" failures="0" errors="0" time="0.000515">
      <testcase name="testGetQuestion" class="Bldr\Test\Helper\DialogHelperTest" file="/home/travis/build/bldr-io/bldr/tests/Helper/DialogHelperTest.php" line="22" assertions="4" time="0.000515"/>
    </testsuite>
  </testsuite>
</testsuites>
