<?xml version="1.0" encoding="UTF-8"?>
<testsuites>
  <testsuite name="Bldr.io Suite" tests="13" assertions="20" failures="0" errors="1" time="0.071517">
    <testsuite name="Bldr\Test\ApplicationTest" file="/Users/ascherer/Projects/bldr/tests/ApplicationTest.php" tests="9" assertions="11" failures="0" errors="0" time="0.044734">
      <testcase name="testConstructor" class="Bldr\Test\ApplicationTest" file="/Users/ascherer/Projects/bldr/tests/ApplicationTest.php" line="31" assertions="2" time="0.009033"/>
      <testcase name="testSetBuildName" class="Bldr\Test\ApplicationTest" file="/Users/ascherer/Projects/bldr/tests/ApplicationTest.php" line="51" assertions="1" time="0.002142"/>
      <testcase name="testGetDispatcher" class="Bldr\Test\ApplicationTest" file="/Users/ascherer/Projects/bldr/tests/ApplicationTest.php" line="79" assertions="1" time="0.000113"/>
      <testcase name="testSetConfig" class="Bldr\Test\ApplicationTest" file="/Users/ascherer/Projects/bldr/tests/ApplicationTest.php" line="97" assertions="0" time="0.000348"/>
      <testcase name="testGetConfig" class="Bldr\Test\ApplicationTest" file="/Users/ascherer/Projects/bldr/tests/ApplicationTest.php" line="108" assertions="1" time="0.000208"/>
      <testcase name="testGetCommands" class="Bldr\Test\ApplicationTest" file="/Users/ascherer/Projects/bldr/tests/ApplicationTest.php" line="120" assertions="3" time="0.000655"/>
      <testcase name="testGetDefaultHelperSet" class="Bldr\Test\ApplicationTest" file="/Users/ascherer/Projects/bldr/tests/ApplicationTest.php" line="136" assertions="1" time="0.000339"/>
      <testcase name="testDoRunCommand" class="Bldr\Test\ApplicationTest" file="/Users/ascherer/Projects/bldr/tests/ApplicationTest.php" line="155" assertions="1" time="0.029435"/>
      <testcase name="testGetBuildContainer" class="Bldr\Test\ApplicationTest" file="/Users/ascherer/Projects/bldr/tests/ApplicationTest.php" line="185" assertions="1" time="0.002461"/>
    </testsuite>
    <testsuite name="Bldr\Test\Call\AbstractCallTest" file="/Users/ascherer/Projects/bldr/tests/Call/AbstractCallTest.php" tests="2" assertions="9" failures="0" errors="0" time="0.004215">
      <testcase name="testInitialize" class="Bldr\Test\Call\AbstractCallTest" file="/Users/ascherer/Projects/bldr/tests/Call/AbstractCallTest.php" line="27" assertions="6" time="0.003466"/>
      <testcase name="testSetTask" class="Bldr\Test\Call\AbstractCallTest" file="/Users/ascherer/Projects/bldr/tests/Call/AbstractCallTest.php" line="69" assertions="3" time="0.000749"/>
    </testsuite>
    <testsuite name="Bldr\Test\Command\BuildCommandTest" file="/Users/ascherer/Projects/bldr/tests/Command/BuildCommandTest.php" tests="1" assertions="0" failures="0" errors="0" time="0.009672">
      <testcase name="testExecute" class="Bldr\Test\Command\BuildCommandTest" file="/Users/ascherer/Projects/bldr/tests/Command/BuildCommandTest.php" line="26" assertions="0" time="0.009672"/>
    </testsuite>
    <testsuite name="Bldr\Test\Command\InitCommandTest" file="/Users/ascherer/Projects/bldr/tests/Command/InitCommandTest.php" tests="1" assertions="0" failures="0" errors="1" time="0.012896">
      <testcase name="testExecute" class="Bldr\Test\Command\InitCommandTest" file="/Users/ascherer/Projects/bldr/tests/Command/InitCommandTest.php" line="32" assertions="0" time="0.012896">
        <error type="PHPUnit_Framework_Error_Warning">Bldr\Test\Command\InitCommandTest::testExecute
preg_match_all() expects parameter 2 to be string, object given

/Users/ascherer/Projects/bldr/vendor/symfony/console/Symfony/Component/Console/Formatter/OutputFormatter.php:148
/Users/ascherer/Projects/bldr/vendor/symfony/console/Symfony/Component/Console/Output/Output.php:143
/Users/ascherer/Projects/bldr/vendor/symfony/console/Symfony/Component/Console/Output/Output.php:126
/Users/ascherer/Projects/bldr/src/Command/InitCommand.php:133
/Users/ascherer/Projects/bldr/vendor/symfony/console/Symfony/Component/Console/Command/Command.php:252
/Users/ascherer/Projects/bldr/vendor/symfony/console/Symfony/Component/Console/Tester/CommandTester.php:80
/Users/ascherer/Projects/bldr/tests/Command/InitCommandTest.php:51
</error>
      </testcase>
    </testsuite>
  </testsuite>
</testsuites>
