<?xml version="1.0" encoding="UTF-8"?>
<testsuites>
  <testsuite name="Bldr.io Suite" tests="21" assertions="38" failures="0" errors="0" time="0.954415">
    <testsuite name="Bldr\Test\ApplicationTest" file="/home/travis/build/bldr-io/bldr/tests/ApplicationTest.php" tests="9" assertions="12" failures="0" errors="0" time="0.600030">
      <testcase name="testConstructor" class="Bldr\Test\ApplicationTest" file="/home/travis/build/bldr-io/bldr/tests/ApplicationTest.php" line="31" assertions="2" time="0.035620"/>
      <testcase name="testSetBuildName" class="Bldr\Test\ApplicationTest" file="/home/travis/build/bldr-io/bldr/tests/ApplicationTest.php" line="51" assertions="2" time="0.021386"/>
      <testcase name="testGetDispatcher" class="Bldr\Test\ApplicationTest" file="/home/travis/build/bldr-io/bldr/tests/ApplicationTest.php" line="79" assertions="1" time="0.001008"/>
      <testcase name="testSetConfig" class="Bldr\Test\ApplicationTest" file="/home/travis/build/bldr-io/bldr/tests/ApplicationTest.php" line="97" assertions="0" time="0.013709"/>
      <testcase name="testGetConfig" class="Bldr\Test\ApplicationTest" file="/home/travis/build/bldr-io/bldr/tests/ApplicationTest.php" line="108" assertions="1" time="0.002418"/>
      <testcase name="testGetCommands" class="Bldr\Test\ApplicationTest" file="/home/travis/build/bldr-io/bldr/tests/ApplicationTest.php" line="120" assertions="3" time="0.020078"/>
      <testcase name="testGetDefaultHelperSet" class="Bldr\Test\ApplicationTest" file="/home/travis/build/bldr-io/bldr/tests/ApplicationTest.php" line="136" assertions="1" time="0.015474"/>
      <testcase name="testDoRunCommand" class="Bldr\Test\ApplicationTest" file="/home/travis/build/bldr-io/bldr/tests/ApplicationTest.php" line="155" assertions="1" time="0.401464"/>
      <testcase name="testGetBuildContainer" class="Bldr\Test\ApplicationTest" file="/home/travis/build/bldr-io/bldr/tests/ApplicationTest.php" line="185" assertions="1" time="0.088873"/>
    </testsuite>
    <testsuite name="Bldr\Test\Call\AbstractCallTest" file="/home/travis/build/bldr-io/bldr/tests/Call/AbstractCallTest.php" tests="2" assertions="9" failures="0" errors="0" time="0.055649">
      <testcase name="testInitialize" class="Bldr\Test\Call\AbstractCallTest" file="/home/travis/build/bldr-io/bldr/tests/Call/AbstractCallTest.php" line="27" assertions="6" time="0.050283"/>
      <testcase name="testSetTask" class="Bldr\Test\Call\AbstractCallTest" file="/home/travis/build/bldr-io/bldr/tests/Call/AbstractCallTest.php" line="69" assertions="3" time="0.005366"/>
    </testsuite>
    <testsuite name="Bldr\Test\Command\BuildCommandTest" file="/home/travis/build/bldr-io/bldr/tests/Command/BuildCommandTest.php" tests="1" assertions="0" failures="0" errors="0" time="0.157086">
      <testcase name="testExecute" class="Bldr\Test\Command\BuildCommandTest" file="/home/travis/build/bldr-io/bldr/tests/Command/BuildCommandTest.php" line="26" assertions="0" time="0.157086"/>
    </testsuite>
    <testsuite name="Bldr\Test\Command\InitCommandTest" file="/home/travis/build/bldr-io/bldr/tests/Command/InitCommandTest.php" tests="1" assertions="0" failures="0" errors="0" time="0.108513">
      <testcase name="testExecute" class="Bldr\Test\Command\InitCommandTest" file="/home/travis/build/bldr-io/bldr/tests/Command/InitCommandTest.php" line="32" assertions="0" time="0.108513"/>
    </testsuite>
    <testsuite name="Bldr\Test\ConfigTest" file="/home/travis/build/bldr-io/bldr/tests/ConfigTest.php" tests="3" assertions="6" failures="0" errors="0" time="0.015882">
      <testcase name="testCreate" class="Bldr\Test\ConfigTest" file="/home/travis/build/bldr-io/bldr/tests/ConfigTest.php" line="24" assertions="4" time="0.011458"/>
      <testcase name="testIsTypeAllowedException" class="Bldr\Test\ConfigTest" file="/home/travis/build/bldr-io/bldr/tests/ConfigTest.php" line="44" assertions="1" time="0.002557"/>
      <testcase name="testCheckForFileException" class="Bldr\Test\ConfigTest" file="/home/travis/build/bldr-io/bldr/tests/ConfigTest.php" line="52" assertions="1" time="0.001867"/>
    </testsuite>
    <testsuite name="Bldr\Test\Helper\DialogHelperTest" file="/home/travis/build/bldr-io/bldr/tests/Helper/DialogHelperTest.php" tests="1" assertions="4" failures="0" errors="0" time="0.003962">
      <testcase name="testGetQuestion" class="Bldr\Test\Helper\DialogHelperTest" file="/home/travis/build/bldr-io/bldr/tests/Helper/DialogHelperTest.php" line="22" assertions="4" time="0.003962"/>
    </testsuite>
    <testsuite name="Bldr\Test\Model\CallTest" file="/home/travis/build/bldr-io/bldr/tests/Model/CallTest.php" tests="3" assertions="3" failures="0" errors="0" time="0.004795">
      <testcase name="testMagicSet" class="Bldr\Test\Model\CallTest" file="/home/travis/build/bldr-io/bldr/tests/Model/CallTest.php" line="25" assertions="0" time="0.000972"/>
      <testcase name="testMagicGet" class="Bldr\Test\Model\CallTest" file="/home/travis/build/bldr-io/bldr/tests/Model/CallTest.php" line="38" assertions="1" time="0.001746"/>
      <testcase name="testHas" class="Bldr\Test\Model\CallTest" file="/home/travis/build/bldr-io/bldr/tests/Model/CallTest.php" line="48" assertions="2" time="0.002077"/>
    </testsuite>
    <testsuite name="Bldr\Test\Model\TaskTest" file="/home/travis/build/bldr-io/bldr/tests/Model/TaskTest.php" tests="1" assertions="4" failures="0" errors="0" time="0.008497">
      <testcase name="testConstructor" class="Bldr\Test\Model\TaskTest" file="/home/travis/build/bldr-io/bldr/tests/Model/TaskTest.php" line="22" assertions="4" time="0.008497"/>
    </testsuite>
  </testsuite>
</testsuites>
