<?xml version="1.0" encoding="UTF-8"?>
<testsuites>
  <testsuite name="Bldr.io Suite" tests="19" assertions="35" failures="0" errors="0" time="0.091476">
    <testsuite name="Bldr\Test\ApplicationTest" file="/Users/ascherer/Projects/bldr/tests/ApplicationTest.php" tests="9" assertions="11" failures="0" errors="0" time="0.044561">
      <testcase name="testConstructor" class="Bldr\Test\ApplicationTest" file="/Users/ascherer/Projects/bldr/tests/ApplicationTest.php" line="31" assertions="2" time="0.009100"/>
      <testcase name="testSetBuildName" class="Bldr\Test\ApplicationTest" file="/Users/ascherer/Projects/bldr/tests/ApplicationTest.php" line="51" assertions="1" time="0.002194"/>
      <testcase name="testGetDispatcher" class="Bldr\Test\ApplicationTest" file="/Users/ascherer/Projects/bldr/tests/ApplicationTest.php" line="79" assertions="1" time="0.000078"/>
      <testcase name="testSetConfig" class="Bldr\Test\ApplicationTest" file="/Users/ascherer/Projects/bldr/tests/ApplicationTest.php" line="97" assertions="0" time="0.000299"/>
      <testcase name="testGetConfig" class="Bldr\Test\ApplicationTest" file="/Users/ascherer/Projects/bldr/tests/ApplicationTest.php" line="108" assertions="1" time="0.000161"/>
      <testcase name="testGetCommands" class="Bldr\Test\ApplicationTest" file="/Users/ascherer/Projects/bldr/tests/ApplicationTest.php" line="120" assertions="3" time="0.000609"/>
      <testcase name="testGetDefaultHelperSet" class="Bldr\Test\ApplicationTest" file="/Users/ascherer/Projects/bldr/tests/ApplicationTest.php" line="136" assertions="1" time="0.000319"/>
      <testcase name="testDoRunCommand" class="Bldr\Test\ApplicationTest" file="/Users/ascherer/Projects/bldr/tests/ApplicationTest.php" line="155" assertions="1" time="0.029454"/>
      <testcase name="testGetBuildContainer" class="Bldr\Test\ApplicationTest" file="/Users/ascherer/Projects/bldr/tests/ApplicationTest.php" line="185" assertions="1" time="0.002347"/>
    </testsuite>
    <testsuite name="Bldr\Test\Call\AbstractCallTest" file="/Users/ascherer/Projects/bldr/tests/Call/AbstractCallTest.php" tests="2" assertions="9" failures="0" errors="0" time="0.004093">
      <testcase name="testInitialize" class="Bldr\Test\Call\AbstractCallTest" file="/Users/ascherer/Projects/bldr/tests/Call/AbstractCallTest.php" line="27" assertions="6" time="0.003304"/>
      <testcase name="testSetTask" class="Bldr\Test\Call\AbstractCallTest" file="/Users/ascherer/Projects/bldr/tests/Call/AbstractCallTest.php" line="69" assertions="3" time="0.000789"/>
    </testsuite>
    <testsuite name="Bldr\Test\Command\BuildCommandTest" file="/Users/ascherer/Projects/bldr/tests/Command/BuildCommandTest.php" tests="1" assertions="0" failures="0" errors="0" time="0.023456">
      <testcase name="testExecute" class="Bldr\Test\Command\BuildCommandTest" file="/Users/ascherer/Projects/bldr/tests/Command/BuildCommandTest.php" line="26" assertions="0" time="0.023456"/>
    </testsuite>
    <testsuite name="Bldr\Test\Command\InitCommandTest" file="/Users/ascherer/Projects/bldr/tests/Command/InitCommandTest.php" tests="1" assertions="0" failures="0" errors="0" time="0.014900">
      <testcase name="testExecute" class="Bldr\Test\Command\InitCommandTest" file="/Users/ascherer/Projects/bldr/tests/Command/InitCommandTest.php" line="32" assertions="0" time="0.014900"/>
    </testsuite>
    <testsuite name="Bldr\Test\ConfigTest" file="/Users/ascherer/Projects/bldr/tests/ConfigTest.php" tests="1" assertions="4" failures="0" errors="0" time="0.003414">
      <testcase name="testCreate" class="Bldr\Test\ConfigTest" file="/Users/ascherer/Projects/bldr/tests/ConfigTest.php" line="24" assertions="4" time="0.003414"/>
    </testsuite>
    <testsuite name="Bldr\Test\Helper\DialogHelperTest" file="/Users/ascherer/Projects/bldr/tests/Helper/DialogHelperTest.php" tests="1" assertions="4" failures="0" errors="0" time="0.000134">
      <testcase name="testGetQuestion" class="Bldr\Test\Helper\DialogHelperTest" file="/Users/ascherer/Projects/bldr/tests/Helper/DialogHelperTest.php" line="22" assertions="4" time="0.000134"/>
    </testsuite>
    <testsuite name="Bldr\Test\Model\CallTest" file="/Users/ascherer/Projects/bldr/tests/Model/CallTest.php" tests="3" assertions="3" failures="0" errors="0" time="0.000616">
      <testcase name="testMagicSet" class="Bldr\Test\Model\CallTest" file="/Users/ascherer/Projects/bldr/tests/Model/CallTest.php" line="25" assertions="0" time="0.000070"/>
      <testcase name="testMagicGet" class="Bldr\Test\Model\CallTest" file="/Users/ascherer/Projects/bldr/tests/Model/CallTest.php" line="38" assertions="1" time="0.000075"/>
      <testcase name="testHas" class="Bldr\Test\Model\CallTest" file="/Users/ascherer/Projects/bldr/tests/Model/CallTest.php" line="48" assertions="2" time="0.000471"/>
    </testsuite>
    <testsuite name="Bldr\Test\Model\TaskTest" file="/Users/ascherer/Projects/bldr/tests/Model/TaskTest.php" tests="1" assertions="4" failures="0" errors="0" time="0.000303">
      <testcase name="testConstructor" class="Bldr\Test\Model\TaskTest" file="/Users/ascherer/Projects/bldr/tests/Model/TaskTest.php" line="22" assertions="4" time="0.000303"/>
    </testsuite>
  </testsuite>
</testsuites>
