<?xml version="1.0" encoding="UTF-8"?>
<testsuites>
  <testsuite name="Bldr.io Suite" tests="15" assertions="24" failures="0" errors="0" time="0.067345">
    <testsuite name="Bldr\Test\ApplicationTest" file="/Users/ascherer/Projects/bldr/tests/ApplicationTest.php" tests="10" assertions="11" failures="0" errors="0" time="0.038074">
      <testcase name="testConstructor" class="Bldr\Test\ApplicationTest" file="/Users/ascherer/Projects/bldr/tests/ApplicationTest.php" line="31" assertions="2" time="0.008263"/>
      <testcase name="testGetDispatcher" class="Bldr\Test\ApplicationTest" file="/Users/ascherer/Projects/bldr/tests/ApplicationTest.php" line="55" assertions="1" time="0.000093"/>
      <testcase name="testReadConfigException" class="Bldr\Test\ApplicationTest" file="/Users/ascherer/Projects/bldr/tests/ApplicationTest.php" line="66" assertions="1" time="0.000610"/>
      <testcase name="testReadConfig" class="Bldr\Test\ApplicationTest" file="/Users/ascherer/Projects/bldr/tests/ApplicationTest.php" line="89" assertions="0" time="0.003533"/>
      <testcase name="testSetConfig" class="Bldr\Test\ApplicationTest" file="/Users/ascherer/Projects/bldr/tests/ApplicationTest.php" line="116" assertions="0" time="0.000316"/>
      <testcase name="testGetConfig" class="Bldr\Test\ApplicationTest" file="/Users/ascherer/Projects/bldr/tests/ApplicationTest.php" line="127" assertions="1" time="0.001711"/>
      <testcase name="testGetCommands" class="Bldr\Test\ApplicationTest" file="/Users/ascherer/Projects/bldr/tests/ApplicationTest.php" line="139" assertions="3" time="0.000859"/>
      <testcase name="testGetDefaultHelperSet" class="Bldr\Test\ApplicationTest" file="/Users/ascherer/Projects/bldr/tests/ApplicationTest.php" line="155" assertions="1" time="0.000457"/>
      <testcase name="testDoRunCommand" class="Bldr\Test\ApplicationTest" file="/Users/ascherer/Projects/bldr/tests/ApplicationTest.php" line="174" assertions="1" time="0.019673"/>
      <testcase name="testGetBuildContainer" class="Bldr\Test\ApplicationTest" file="/Users/ascherer/Projects/bldr/tests/ApplicationTest.php" line="204" assertions="1" time="0.002559"/>
    </testsuite>
    <testsuite name="Bldr\Test\Call\AbstractCallTest" file="/Users/ascherer/Projects/bldr/tests/Call/AbstractCallTest.php" tests="2" assertions="9" failures="0" errors="0" time="0.004087">
      <testcase name="testInitialize" class="Bldr\Test\Call\AbstractCallTest" file="/Users/ascherer/Projects/bldr/tests/Call/AbstractCallTest.php" line="27" assertions="6" time="0.003441"/>
      <testcase name="testSetTask" class="Bldr\Test\Call\AbstractCallTest" file="/Users/ascherer/Projects/bldr/tests/Call/AbstractCallTest.php" line="69" assertions="3" time="0.000646"/>
    </testsuite>
    <testsuite name="Bldr\Test\Command\BuildCommandTest" file="/Users/ascherer/Projects/bldr/tests/Command/BuildCommandTest.php" tests="1" assertions="0" failures="0" errors="0" time="0.012726">
      <testcase name="testExecute" class="Bldr\Test\Command\BuildCommandTest" file="/Users/ascherer/Projects/bldr/tests/Command/BuildCommandTest.php" line="25" assertions="0" time="0.012726"/>
    </testsuite>
    <testsuite name="Bldr\Test\Command\InitCommandTest" file="/Users/ascherer/Projects/bldr/tests/Command/InitCommandTest.php" tests="1" assertions="0" failures="0" errors="0" time="0.012294">
      <testcase name="testExecute" class="Bldr\Test\Command\InitCommandTest" file="/Users/ascherer/Projects/bldr/tests/Command/InitCommandTest.php" line="31" assertions="0" time="0.012294"/>
    </testsuite>
    <testsuite name="Bldr\Test\Helper\DialogHelperTest" file="/Users/ascherer/Projects/bldr/tests/Helper/DialogHelperTest.php" tests="1" assertions="4" failures="0" errors="0" time="0.000163">
      <testcase name="testGetQuestion" class="Bldr\Test\Helper\DialogHelperTest" file="/Users/ascherer/Projects/bldr/tests/Helper/DialogHelperTest.php" line="22" assertions="4" time="0.000163"/>
    </testsuite>
  </testsuite>
</testsuites>
